# JRE version: Java(TM) SE Runtime Environment (8.0_121-b13) (build 1.8.0_121-b13)
# Java VM: Java HotSpot(TM) 64-Bit Server VM (25.121-b13 mixed mode linux-amd64 compressed oops)
Heap:
 PSYoungGen      total 210432K, used 12059K [0x00000000d7780000, 0x00000000e6780000, 0x0000000100000000)
  eden space 198144K, 0% used [0x00000000d7780000,0x00000000d7780000,0x00000000e3900000)
  from space 12288K, 98% used [0x00000000e4680000,0x00000000e5246c10,0x00000000e5280000)
  to   space 13824K, 0% used [0x00000000e3900000,0x00000000e3900000,0x00000000e4680000)
 ParOldGen       total 52224K, used 12975K [0x0000000086600000, 0x0000000089900000, 0x00000000d7780000)
  object space 52224K, 24% used [0x0000000086600000,0x00000000872abdb0,0x0000000089900000)
 Metaspace       used 34577K, capacity 35186K, committed 35456K, reserved 1079296K
  class space    used 4740K, capacity 4936K, committed 4992K, reserved 1048576K
GC Heap History (10 events):
Event: 5,987 GC heap after
Heap after GC invocations=5 (full 0):
 PSYoungGen      total 67584K, used 5104K [0x00000000d7780000, 0x00000000e0580000, 0x0000000100000000)
  eden space 62464K, 0% used [0x00000000d7780000,0x00000000d7780000,0x00000000db480000)
  from space 5120K, 99% used [0x00000000db480000,0x00000000db97c040,0x00000000db980000)
  to   space 10240K, 0% used [0x00000000dfb80000,0x00000000dfb80000,0x00000000e0580000)
 ParOldGen       total 83456K, used 9007K [0x0000000086600000, 0x000000008b780000, 0x00000000d7780000)
  object space 83456K, 10% used [0x0000000086600000,0x0000000086ecbc30,0x000000008b780000)
 Metaspace       used 20903K, capacity 21160K, committed 21296K, reserved 1067008K
  class space    used 2872K, capacity 2933K, committed 2944K, reserved 1048576K
}
Event: 5,987 GC heap before
{Heap before GC invocations=6 (full 1):
 PSYoungGen      total 67584K, used 5104K [0x00000000d7780000, 0x00000000e0580000, 0x0000000100000000)
  eden space 62464K, 0% used [0x00000000d7780000,0x00000000d7780000,0x00000000db480000)
  from space 5120K, 99% used [0x00000000db480000,0x00000000db97c040,0x00000000db980000)
  to   space 10240K, 0% used [0x00000000dfb80000,0x00000000dfb80000,0x00000000e0580000)
 ParOldGen       total 83456K, used 9007K [0x0000000086600000, 0x000000008b780000, 0x00000000d7780000)
  object space 83456K, 10% used [0x0000000086600000,0x0000000086ecbc30,0x000000008b780000)
 Metaspace       used 20903K, capacity 21160K, committed 21296K, reserved 1067008K
  class space    used 2872K, capacity 2933K, committed 2944K, reserved 1048576K
Event: 6,061 GC heap after
Heap after GC invocations=6 (full 1):
 PSYoungGen      total 67584K, used 0K [0x00000000d7780000, 0x00000000e0580000, 0x0000000100000000)
  eden space 62464K, 0% used [0x00000000d7780000,0x00000000d7780000,0x00000000db480000)
  from space 5120K, 0% used [0x00000000db480000,0x00000000db480000,0x00000000db980000)
  to   space 10240K, 0% used [0x00000000dfb80000,0x00000000dfb80000,0x00000000e0580000)
 ParOldGen       total 52224K, used 10408K [0x0000000086600000, 0x0000000089900000, 0x00000000d7780000)
  object space 52224K, 19% used [0x0000000086600000,0x000000008702a3d8,0x0000000089900000)
 Metaspace       used 20903K, capacity 21160K, committed 21296K, reserved 1067008K
  class space    used 2872K, capacity 2933K, committed 2944K, reserved 1048576K
}
Event: 8,028 GC heap before
{Heap before GC invocations=7 (full 1):
 PSYoungGen      total 67584K, used 62464K [0x00000000d7780000, 0x00000000e0580000, 0x0000000100000000)
  eden space 62464K, 100% used [0x00000000d7780000,0x00000000db480000,0x00000000db480000)
  from space 5120K, 0% used [0x00000000db480000,0x00000000db480000,0x00000000db980000)
  to   space 10240K, 0% used [0x00000000dfb80000,0x00000000dfb80000,0x00000000e0580000)
 ParOldGen       total 52224K, used 10408K [0x0000000086600000, 0x0000000089900000, 0x00000000d7780000)
  object space 52224K, 19% used [0x0000000086600000,0x000000008702a3d8,0x0000000089900000)
 Metaspace       used 26368K, capacity 26850K, committed 27264K, reserved 1073152K
  class space    used 3689K, capacity 3867K, committed 3968K, reserved 1048576K
Event: 8,057 GC heap after
Heap after GC invocations=7 (full 1):
 PSYoungGen      total 118784K, used 6045K [0x00000000d7780000, 0x00000000e0180000, 0x0000000100000000)
  eden space 112640K, 0% used [0x00000000d7780000,0x00000000d7780000,0x00000000de580000)
  from space 6144K, 98% used [0x00000000dfb80000,0x00000000e01676d8,0x00000000e0180000)
  to   space 9728K, 0% used [0x00000000dee80000,0x00000000dee80000,0x00000000df800000)
 ParOldGen       total 52224K, used 10480K [0x0000000086600000, 0x0000000089900000, 0x00000000d7780000)
  object space 52224K, 20% used [0x0000000086600000,0x000000008703c3e8,0x0000000089900000)
 Metaspace       used 26368K, capacity 26850K, committed 27264K, reserved 1073152K
  class space    used 3689K, capacity 3867K, committed 3968K, reserved 1048576K
}
Event: 11,995 GC heap before
{Heap before GC invocations=8 (full 1):
 PSYoungGen      total 118784K, used 118685K [0x00000000d7780000, 0x00000000e0180000, 0x0000000100000000)
  eden space 112640K, 100% used [0x00000000d7780000,0x00000000de580000,0x00000000de580000)
  from space 6144K, 98% used [0x00000000dfb80000,0x00000000e01676d8,0x00000000e0180000)
  to   space 9728K, 0% used [0x00000000dee80000,0x00000000dee80000,0x00000000df800000)
 ParOldGen       total 52224K, used 10480K [0x0000000086600000, 0x0000000089900000, 0x00000000d7780000)
  object space 52224K, 20% used [0x0000000086600000,0x000000008703c3e8,0x0000000089900000)
 Metaspace       used 33831K, capacity 34392K, committed 34816K, reserved 1079296K
  class space    used 4616K, capacity 4779K, committed 4864K, reserved 1048576K
Event: 12,069 GC heap after
Heap after GC invocations=8 (full 1):
 PSYoungGen      total 131584K, used 9726K [0x00000000d7780000, 0x00000000e5280000, 0x0000000100000000)
  eden space 121856K, 0% used [0x00000000d7780000,0x00000000d7780000,0x00000000dee80000)
  from space 9728K, 99% used [0x00000000dee80000,0x00000000df7ffbc8,0x00000000df800000)
  to   space 12288K, 0% used [0x00000000e4680000,0x00000000e4680000,0x00000000e5280000)
 ParOldGen       total 52224K, used 12967K [0x0000000086600000, 0x0000000089900000, 0x00000000d7780000)
  object space 52224K, 24% used [0x0000000086600000,0x00000000872a9db0,0x0000000089900000)
 Metaspace       used 33831K, capacity 34392K, committed 34816K, reserved 1079296K
  class space    used 4616K, capacity 4779K, committed 4864K, reserved 1048576K
}
Event: 12,806 GC heap before
{Heap before GC invocations=9 (full 1):
 PSYoungGen      total 131584K, used 46281K [0x00000000d7780000, 0x00000000e5280000, 0x0000000100000000)
  eden space 121856K, 29% used [0x00000000d7780000,0x00000000d9b32848,0x00000000dee80000)
  from space 9728K, 99% used [0x00000000dee80000,0x00000000df7ffbc8,0x00000000df800000)
  to   space 12288K, 0% used [0x00000000e4680000,0x00000000e4680000,0x00000000e5280000)
 ParOldGen       total 52224K, used 12967K [0x0000000086600000, 0x0000000089900000, 0x00000000d7780000)
  object space 52224K, 24% used [0x0000000086600000,0x00000000872a9db0,0x0000000089900000)
 Metaspace       used 34577K, capacity 35186K, committed 35456K, reserved 1079296K
  class space    used 4740K, capacity 4936K, committed 4992K, reserved 1048576K
Event: 12,854 GC heap after
Heap after GC invocations=9 (full 1):
 PSYoungGen      total 210432K, used 12059K [0x00000000d7780000, 0x00000000e6780000, 0x0000000100000000)
  eden space 198144K, 0% used [0x00000000d7780000,0x00000000d7780000,0x00000000e3900000)
  from space 12288K, 98% used [0x00000000e4680000,0x00000000e5246c10,0x00000000e5280000)
  to   space 13824K, 0% used [0x00000000e3900000,0x00000000e3900000,0x00000000e4680000)
 ParOldGen       total 52224K, used 12975K [0x0000000086600000, 0x0000000089900000, 0x00000000d7780000)
  object space 52224K, 24% used [0x0000000086600000,0x00000000872abdb0,0x0000000089900000)
 Metaspace       used 34577K, capacity 35186K, committed 35456K, reserved 1079296K
  class space    used 4740K, capacity 4936K, committed 4992K, reserved 1048576K
}
Event: 12,854 GC heap before
{Heap before GC invocations=10 (full 2):
 PSYoungGen      total 210432K, used 12059K [0x00000000d7780000, 0x00000000e6780000, 0x0000000100000000)
  eden space 198144K, 0% used [0x00000000d7780000,0x00000000d7780000,0x00000000e3900000)
  from space 12288K, 98% used [0x00000000e4680000,0x00000000e5246c10,0x00000000e5280000)
  to   space 13824K, 0% used [0x00000000e3900000,0x00000000e3900000,0x00000000e4680000)
 ParOldGen       total 52224K, used 12975K [0x0000000086600000, 0x0000000089900000, 0x00000000d7780000)
  object space 52224K, 24% used [0x0000000086600000,0x00000000872abdb0,0x0000000089900000)
 Metaspace       used 34577K, capacity 35186K, committed 35456K, reserved 1079296K
  class space    used 4740K, capacity 4936K, committed 4992K, reserved 1048576K

