# JRE version: Java(TM) SE Runtime Environment (8.0_121-b13) (build 1.8.0_121-b13)
# Java VM: Java HotSpot(TM) 64-Bit Server VM (25.121-b13 mixed mode linux-amd64 compressed oops)
Heap:
 PSYoungGen      total 207360K, used 204657K [0x00000000d7780000, 0x00000000ea200000, 0x0000000100000000)
  eden space 190464K, 100% used [0x00000000d7780000,0x00000000e3180000,0x00000000e3180000)
  from space 16896K, 84% used [0x00000000e3180000,0x00000000e3f5c710,0x00000000e4200000)
  to   space 18432K, 88% used [0x00000000e9000000,0x00000000ea0001f8,0x00000000ea200000)
 ParOldGen       total 100352K, used 22337K [0x0000000086600000, 0x000000008c800000, 0x00000000d7780000)
  object space 100352K, 22% used [0x0000000086600000,0x0000000087bd0580,0x000000008c800000)
 Metaspace       used 48297K, capacity 49734K, committed 49880K, reserved 1091584K
  class space    used 6566K, capacity 6909K, committed 6912K, reserved 1048576K
GC Heap History (10 events):
Event: 2,843 GC heap after
Heap after GC invocations=5 (full 1):
 PSYoungGen      total 130048K, used 0K [0x00000000d7780000, 0x00000000dfb80000, 0x0000000100000000)
  eden space 124928K, 0% used [0x00000000d7780000,0x00000000d7780000,0x00000000df180000)
  from space 5120K, 0% used [0x00000000df680000,0x00000000df680000,0x00000000dfb80000)
  to   space 5120K, 0% used [0x00000000df180000,0x00000000df180000,0x00000000df680000)
 ParOldGen       total 59904K, used 8107K [0x0000000086600000, 0x000000008a080000, 0x00000000d7780000)
  object space 59904K, 13% used [0x0000000086600000,0x0000000086deafe8,0x000000008a080000)
 Metaspace       used 20795K, capacity 21092K, committed 21248K, reserved 1067008K
  class space    used 2868K, capacity 2997K, committed 3072K, reserved 1048576K
}
Event: 5,288 GC heap before
{Heap before GC invocations=6 (full 1):
 PSYoungGen      total 130048K, used 124928K [0x00000000d7780000, 0x00000000dfb80000, 0x0000000100000000)
  eden space 124928K, 100% used [0x00000000d7780000,0x00000000df180000,0x00000000df180000)
  from space 5120K, 0% used [0x00000000df680000,0x00000000df680000,0x00000000dfb80000)
  to   space 5120K, 0% used [0x00000000df180000,0x00000000df180000,0x00000000df680000)
 ParOldGen       total 59904K, used 8107K [0x0000000086600000, 0x000000008a080000, 0x00000000d7780000)
  object space 59904K, 13% used [0x0000000086600000,0x0000000086deafe8,0x000000008a080000)
 Metaspace       used 30374K, capacity 30832K, committed 31104K, reserved 1075200K
  class space    used 4194K, capacity 4389K, committed 4480K, reserved 1048576K
Event: 5,311 GC heap after
Heap after GC invocations=6 (full 1):
 PSYoungGen      total 130048K, used 5108K [0x00000000d7780000, 0x00000000e5000000, 0x0000000100000000)
  eden space 124928K, 0% used [0x00000000d7780000,0x00000000d7780000,0x00000000df180000)
  from space 5120K, 99% used [0x00000000df180000,0x00000000df67d3f0,0x00000000df680000)
  to   space 14336K, 0% used [0x00000000e4200000,0x00000000e4200000,0x00000000e5000000)
 ParOldGen       total 59904K, used 14576K [0x0000000086600000, 0x000000008a080000, 0x00000000d7780000)
  object space 59904K, 24% used [0x0000000086600000,0x000000008743c150,0x000000008a080000)
 Metaspace       used 30374K, capacity 30832K, committed 31104K, reserved 1075200K
  class space    used 4194K, capacity 4389K, committed 4480K, reserved 1048576K
}
Event: 6,546 GC heap before
{Heap before GC invocations=7 (full 1):
 PSYoungGen      total 130048K, used 100995K [0x00000000d7780000, 0x00000000e5000000, 0x0000000100000000)
  eden space 124928K, 76% used [0x00000000d7780000,0x00000000dd523810,0x00000000df180000)
  from space 5120K, 99% used [0x00000000df180000,0x00000000df67d3f0,0x00000000df680000)
  to   space 14336K, 0% used [0x00000000e4200000,0x00000000e4200000,0x00000000e5000000)
 ParOldGen       total 59904K, used 14576K [0x0000000086600000, 0x000000008a080000, 0x00000000d7780000)
  object space 59904K, 24% used [0x0000000086600000,0x000000008743c150,0x000000008a080000)
 Metaspace       used 34574K, capacity 35188K, committed 35416K, reserved 1079296K
  class space    used 4746K, capacity 4937K, committed 4992K, reserved 1048576K
Event: 6,585 GC heap after
Heap after GC invocations=7 (full 1):
 PSYoungGen      total 204800K, used 14309K [0x00000000d7780000, 0x00000000e5680000, 0x0000000100000000)
  eden space 190464K, 0% used [0x00000000d7780000,0x00000000d7780000,0x00000000e3180000)
  from space 14336K, 99% used [0x00000000e4200000,0x00000000e4ff94b0,0x00000000e5000000)
  to   space 16896K, 0% used [0x00000000e3180000,0x00000000e3180000,0x00000000e4200000)
 ParOldGen       total 59904K, used 14600K [0x0000000086600000, 0x000000008a080000, 0x00000000d7780000)
  object space 59904K, 24% used [0x0000000086600000,0x0000000087442150,0x000000008a080000)
 Metaspace       used 34574K, capacity 35188K, committed 35416K, reserved 1079296K
  class space    used 4746K, capacity 4937K, committed 4992K, reserved 1048576K
}
Event: 6,585 GC heap before
{Heap before GC invocations=8 (full 2):
 PSYoungGen      total 204800K, used 14309K [0x00000000d7780000, 0x00000000e5680000, 0x0000000100000000)
  eden space 190464K, 0% used [0x00000000d7780000,0x00000000d7780000,0x00000000e3180000)
  from space 14336K, 99% used [0x00000000e4200000,0x00000000e4ff94b0,0x00000000e5000000)
  to   space 16896K, 0% used [0x00000000e3180000,0x00000000e3180000,0x00000000e4200000)
 ParOldGen       total 59904K, used 14600K [0x0000000086600000, 0x000000008a080000, 0x00000000d7780000)
  object space 59904K, 24% used [0x0000000086600000,0x0000000087442150,0x000000008a080000)
 Metaspace       used 34574K, capacity 35188K, committed 35416K, reserved 1079296K
  class space    used 4746K, capacity 4937K, committed 4992K, reserved 1048576K
Event: 6,747 GC heap after
Heap after GC invocations=8 (full 2):
 PSYoungGen      total 204800K, used 0K [0x00000000d7780000, 0x00000000e5680000, 0x0000000100000000)
  eden space 190464K, 0% used [0x00000000d7780000,0x00000000d7780000,0x00000000e3180000)
  from space 14336K, 0% used [0x00000000e4200000,0x00000000e4200000,0x00000000e5000000)
  to   space 16896K, 0% used [0x00000000e3180000,0x00000000e3180000,0x00000000e4200000)
 ParOldGen       total 100352K, used 22265K [0x0000000086600000, 0x000000008c800000, 0x00000000d7780000)
  object space 100352K, 22% used [0x0000000086600000,0x0000000087bbe570,0x000000008c800000)
 Metaspace       used 34574K, capacity 35188K, committed 35416K, reserved 1079296K
  class space    used 4746K, capacity 4937K, committed 4992K, reserved 1048576K
}
Event: 10,108 GC heap before
{Heap before GC invocations=9 (full 2):
 PSYoungGen      total 204800K, used 190464K [0x00000000d7780000, 0x00000000e5680000, 0x0000000100000000)
  eden space 190464K, 100% used [0x00000000d7780000,0x00000000e3180000,0x00000000e3180000)
  from space 14336K, 0% used [0x00000000e4200000,0x00000000e4200000,0x00000000e5000000)
  to   space 16896K, 0% used [0x00000000e3180000,0x00000000e3180000,0x00000000e4200000)
 ParOldGen       total 100352K, used 22265K [0x0000000086600000, 0x000000008c800000, 0x00000000d7780000)
  object space 100352K, 22% used [0x0000000086600000,0x0000000087bbe570,0x000000008c800000)
 Metaspace       used 46273K, capacity 47384K, committed 47576K, reserved 1089536K
  class space    used 6341K, capacity 6651K, committed 6656K, reserved 1048576K
Event: 10,137 GC heap after
Heap after GC invocations=9 (full 2):
 PSYoungGen      total 207360K, used 14193K [0x00000000d7780000, 0x00000000ea200000, 0x0000000100000000)
  eden space 190464K, 0% used [0x00000000d7780000,0x00000000d7780000,0x00000000e3180000)
  from space 16896K, 84% used [0x00000000e3180000,0x00000000e3f5c710,0x00000000e4200000)
  to   space 18432K, 0% used [0x00000000e9000000,0x00000000e9000000,0x00000000ea200000)
 ParOldGen       total 100352K, used 22337K [0x0000000086600000, 0x000000008c800000, 0x00000000d7780000)
  object space 100352K, 22% used [0x0000000086600000,0x0000000087bd0580,0x000000008c800000)
 Metaspace       used 46273K, capacity 47384K, committed 47576K, reserved 1089536K
  class space    used 6341K, capacity 6651K, committed 6656K, reserved 1048576K
}
Event: 12,300 GC heap before
{Heap before GC invocations=10 (full 2):
 PSYoungGen      total 207360K, used 204657K [0x00000000d7780000, 0x00000000ea200000, 0x0000000100000000)
  eden space 190464K, 100% used [0x00000000d7780000,0x00000000e3180000,0x00000000e3180000)
  from space 16896K, 84% used [0x00000000e3180000,0x00000000e3f5c710,0x00000000e4200000)
  to   space 18432K, 0% used [0x00000000e9000000,0x00000000e9000000,0x00000000ea200000)
 ParOldGen       total 100352K, used 22337K [0x0000000086600000, 0x000000008c800000, 0x00000000d7780000)
  object space 100352K, 22% used [0x0000000086600000,0x0000000087bd0580,0x000000008c800000)
 Metaspace       used 48297K, capacity 49734K, committed 49880K, reserved 1091584K
  class space    used 6566K, capacity 6909K, committed 6912K, reserved 1048576K

