# JRE version: Java(TM) SE Runtime Environment (8.0_121-b13) (build 1.8.0_121-b13)
# Java VM: Java HotSpot(TM) 64-Bit Server VM (25.121-b13 mixed mode linux-amd64 compressed oops)
Heap:
 PSYoungGen      total 203264K, used 68773K [0x00000000d7780000, 0x00000000e6800000, 0x0000000100000000)
  eden space 190976K, 36% used [0x00000000d7780000,0x00000000dbaa95d0,0x00000000e3200000)
  from space 12288K, 0% used [0x00000000e3f80000,0x00000000e3f80000,0x00000000e4b80000)
  to   space 13824K, 0% used [0x00000000e3200000,0x00000000e3200000,0x00000000e3f80000)
 ParOldGen       total 74752K, used 19367K [0x0000000086600000, 0x000000008af00000, 0x00000000d7780000)
  object space 74752K, 25% used [0x0000000086600000,0x00000000878e9f10,0x000000008af00000)
 Metaspace       used 40860K, capacity 41576K, committed 41944K, reserved 1085440K
  class space    used 5576K, capacity 5819K, committed 5888K, reserved 1048576K
GC Heap History (10 events):
Event: 11,850 GC heap before
{Heap before GC invocations=6 (full 1):
 PSYoungGen      total 67584K, used 5108K [0x00000000d7780000, 0x00000000e0580000, 0x0000000100000000)
  eden space 62464K, 0% used [0x00000000d7780000,0x00000000d7780000,0x00000000db480000)
  from space 5120K, 99% used [0x00000000db480000,0x00000000db97d040,0x00000000db980000)
  to   space 10240K, 0% used [0x00000000dfb80000,0x00000000dfb80000,0x00000000e0580000)
 ParOldGen       total 83456K, used 8832K [0x0000000086600000, 0x000000008b780000, 0x00000000d7780000)
  object space 83456K, 10% used [0x0000000086600000,0x0000000086ea0240,0x000000008b780000)
 Metaspace       used 20850K, capacity 21092K, committed 21248K, reserved 1067008K
  class space    used 2881K, capacity 2997K, committed 3072K, reserved 1048576K
Event: 11,960 GC heap after
Heap after GC invocations=6 (full 1):
 PSYoungGen      total 67584K, used 0K [0x00000000d7780000, 0x00000000e0580000, 0x0000000100000000)
  eden space 62464K, 0% used [0x00000000d7780000,0x00000000d7780000,0x00000000db480000)
  from space 5120K, 0% used [0x00000000db480000,0x00000000db480000,0x00000000db980000)
  to   space 10240K, 0% used [0x00000000dfb80000,0x00000000dfb80000,0x00000000e0580000)
 ParOldGen       total 51200K, used 8046K [0x0000000086600000, 0x0000000089800000, 0x00000000d7780000)
  object space 51200K, 15% used [0x0000000086600000,0x0000000086ddba88,0x0000000089800000)
 Metaspace       used 20850K, capacity 21092K, committed 21248K, reserved 1067008K
  class space    used 2881K, capacity 2997K, committed 3072K, reserved 1048576K
}
Event: 15,272 GC heap before
{Heap before GC invocations=7 (full 1):
 PSYoungGen      total 67584K, used 62464K [0x00000000d7780000, 0x00000000e0580000, 0x0000000100000000)
  eden space 62464K, 100% used [0x00000000d7780000,0x00000000db480000,0x00000000db480000)
  from space 5120K, 0% used [0x00000000db480000,0x00000000db480000,0x00000000db980000)
  to   space 10240K, 0% used [0x00000000dfb80000,0x00000000dfb80000,0x00000000e0580000)
 ParOldGen       total 51200K, used 8046K [0x0000000086600000, 0x0000000089800000, 0x00000000d7780000)
  object space 51200K, 15% used [0x0000000086600000,0x0000000086ddba88,0x0000000089800000)
 Metaspace       used 26350K, capacity 26878K, committed 27264K, reserved 1073152K
  class space    used 3697K, capacity 3899K, committed 3968K, reserved 1048576K
Event: 15,334 GC heap after
Heap after GC invocations=7 (full 1):
 PSYoungGen      total 116736K, used 6106K [0x00000000d7780000, 0x00000000e0180000, 0x0000000100000000)
  eden space 110592K, 0% used [0x00000000d7780000,0x00000000d7780000,0x00000000de380000)
  from space 6144K, 99% used [0x00000000dfb80000,0x00000000e0176970,0x00000000e0180000)
  to   space 9728K, 0% used [0x00000000dee80000,0x00000000dee80000,0x00000000df800000)
 ParOldGen       total 51200K, used 8054K [0x0000000086600000, 0x0000000089800000, 0x00000000d7780000)
  object space 51200K, 15% used [0x0000000086600000,0x0000000086ddda88,0x0000000089800000)
 Metaspace       used 26350K, capacity 26878K, committed 27264K, reserved 1073152K
  class space    used 3697K, capacity 3899K, committed 3968K, reserved 1048576K
}
Event: 21,252 GC heap before
{Heap before GC invocations=8 (full 1):
 PSYoungGen      total 116736K, used 116698K [0x00000000d7780000, 0x00000000e0180000, 0x0000000100000000)
  eden space 110592K, 100% used [0x00000000d7780000,0x00000000de380000,0x00000000de380000)
  from space 6144K, 99% used [0x00000000dfb80000,0x00000000e0176970,0x00000000e0180000)
  to   space 9728K, 0% used [0x00000000dee80000,0x00000000dee80000,0x00000000df800000)
 ParOldGen       total 51200K, used 8054K [0x0000000086600000, 0x0000000089800000, 0x00000000d7780000)
  object space 51200K, 15% used [0x0000000086600000,0x0000000086ddda88,0x0000000089800000)
 Metaspace       used 33807K, capacity 34318K, committed 34816K, reserved 1079296K
  class space    used 4623K, capacity 4778K, committed 4864K, reserved 1048576K
Event: 21,332 GC heap after
Heap after GC invocations=8 (full 1):
 PSYoungGen      total 131584K, used 9714K [0x00000000d7780000, 0x00000000e4b80000, 0x0000000100000000)
  eden space 121856K, 0% used [0x00000000d7780000,0x00000000d7780000,0x00000000dee80000)
  from space 9728K, 99% used [0x00000000dee80000,0x00000000df7fca68,0x00000000df800000)
  to   space 12288K, 0% used [0x00000000e3f80000,0x00000000e3f80000,0x00000000e4b80000)
 ParOldGen       total 51200K, used 10576K [0x0000000086600000, 0x0000000089800000, 0x00000000d7780000)
  object space 51200K, 20% used [0x0000000086600000,0x00000000870541f8,0x0000000089800000)
 Metaspace       used 33807K, capacity 34318K, committed 34816K, reserved 1079296K
  class space    used 4623K, capacity 4778K, committed 4864K, reserved 1048576K
}
Event: 22,240 GC heap before
{Heap before GC invocations=9 (full 1):
 PSYoungGen      total 131584K, used 48497K [0x00000000d7780000, 0x00000000e4b80000, 0x0000000100000000)
  eden space 121856K, 31% used [0x00000000d7780000,0x00000000d9d5fb38,0x00000000dee80000)
  from space 9728K, 99% used [0x00000000dee80000,0x00000000df7fca68,0x00000000df800000)
  to   space 12288K, 0% used [0x00000000e3f80000,0x00000000e3f80000,0x00000000e4b80000)
 ParOldGen       total 51200K, used 10576K [0x0000000086600000, 0x0000000089800000, 0x00000000d7780000)
  object space 51200K, 20% used [0x0000000086600000,0x00000000870541f8,0x0000000089800000)
 Metaspace       used 34569K, capacity 35176K, committed 35416K, reserved 1079296K
  class space    used 4745K, capacity 4935K, committed 4992K, reserved 1048576K
Event: 22,302 GC heap after
Heap after GC invocations=9 (full 1):
 PSYoungGen      total 203264K, used 12027K [0x00000000d7780000, 0x00000000e6800000, 0x0000000100000000)
  eden space 190976K, 0% used [0x00000000d7780000,0x00000000d7780000,0x00000000e3200000)
  from space 12288K, 97% used [0x00000000e3f80000,0x00000000e4b3ec10,0x00000000e4b80000)
  to   space 13824K, 0% used [0x00000000e3200000,0x00000000e3200000,0x00000000e3f80000)
 ParOldGen       total 51200K, used 10584K [0x0000000086600000, 0x0000000089800000, 0x00000000d7780000)
  object space 51200K, 20% used [0x0000000086600000,0x00000000870561f8,0x0000000089800000)
 Metaspace       used 34569K, capacity 35176K, committed 35416K, reserved 1079296K
  class space    used 4745K, capacity 4935K, committed 4992K, reserved 1048576K
}
Event: 22,303 GC heap before
{Heap before GC invocations=10 (full 2):
 PSYoungGen      total 203264K, used 12027K [0x00000000d7780000, 0x00000000e6800000, 0x0000000100000000)
  eden space 190976K, 0% used [0x00000000d7780000,0x00000000d7780000,0x00000000e3200000)
  from space 12288K, 97% used [0x00000000e3f80000,0x00000000e4b3ec10,0x00000000e4b80000)
  to   space 13824K, 0% used [0x00000000e3200000,0x00000000e3200000,0x00000000e3f80000)
 ParOldGen       total 51200K, used 10584K [0x0000000086600000, 0x0000000089800000, 0x00000000d7780000)
  object space 51200K, 20% used [0x0000000086600000,0x00000000870561f8,0x0000000089800000)
 Metaspace       used 34569K, capacity 35176K, committed 35416K, reserved 1079296K
  class space    used 4745K, capacity 4935K, committed 4992K, reserved 1048576K
Event: 22,561 GC heap after
Heap after GC invocations=10 (full 2):
 PSYoungGen      total 203264K, used 0K [0x00000000d7780000, 0x00000000e6800000, 0x0000000100000000)
  eden space 190976K, 0% used [0x00000000d7780000,0x00000000d7780000,0x00000000e3200000)
  from space 12288K, 0% used [0x00000000e3f80000,0x00000000e3f80000,0x00000000e4b80000)
  to   space 13824K, 0% used [0x00000000e3200000,0x00000000e3200000,0x00000000e3f80000)
 ParOldGen       total 74752K, used 19367K [0x0000000086600000, 0x000000008af00000, 0x00000000d7780000)
  object space 74752K, 25% used [0x0000000086600000,0x00000000878e9f10,0x000000008af00000)
 Metaspace       used 34569K, capacity 35176K, committed 35416K, reserved 1079296K
  class space    used 4745K, capacity 4935K, committed 4992K, reserved 1048576K
}

